2023-07-15T01:54:16.1165028 I/O error on POST request for "http://localhost:8080/login": Connection refused: connect; nested exception is java.net.ConnectException: Connection refused: connect
2023-07-15T03:00:27.1299923 500 : [{"timestamp":"2023-07-15T10:00:26.728+00:00","status":500,"error":"Internal Server Error","message":"Cannot invoke \"com.nickprincy.vegassoccer.dao.GroupDao.getGroups()\" because \"this.groupDao\" is null","path":"/groups/"}]
2023-07-15T03:00:35.4729082 500 : [{"timestamp":"2023-07-15T10:00:35.470+00:00","status":500,"error":"Internal Server Error","message":"Cannot invoke \"com.nickprincy.vegassoccer.dao.GroupDao.getGroupsByGameDay(String)\" because \"this.groupDao\" is null","path":"/groups/day/Monday"}]
2023-07-15T04:11:22.4081684 500 : [{"timestamp":"2023-07-15T11:11:22.172+00:00","status":500,"error":"Internal Server Error","message":"Cannot invoke \"com.nickprincy.vegassoccer.dao.GroupDao.getGroups()\" because \"this.groupDao\" is null","path":"/groups/"}]
2023-07-15T04:15:38.0235469 415 : [{"timestamp":"2023-07-15T11:15:37.900+00:00","status":415,"error":"Unsupported Media Type","message":"Content type 'application/x-www-form-urlencoded;charset=UTF-8' not supported","path":"/groups/"}]
2023-07-15T04:16:11.3091228 500 : [{"timestamp":"2023-07-15T11:16:11.269+00:00","status":500,"error":"Internal Server Error","message":"Cannot invoke \"com.nickprincy.vegassoccer.dao.GroupDao.getGroups()\" because \"this.groupDao\" is null","path":"/groups/"}]
2023-07-15T04:16:24.4929625 500 : [{"timestamp":"2023-07-15T11:16:24.488+00:00","status":500,"error":"Internal Server Error","message":"Cannot invoke \"com.nickprincy.vegassoccer.dao.GroupDao.getGroups()\" because \"this.groupDao\" is null","path":"/groups/"}]
2023-07-15T04:20:29.5253616 500 : [{"timestamp":"2023-07-15T11:20:29.265+00:00","status":500,"error":"Internal Server Error","message":"Cannot invoke \"com.nickprincy.vegassoccer.dao.GroupDao.getGroups()\" because \"this.groupDao\" is null","path":"/groups/"}]
2023-07-15T04:21:45.4652501 415 : [{"timestamp":"2023-07-15T11:21:45.422+00:00","status":415,"error":"Unsupported Media Type","message":"Content type 'application/x-www-form-urlencoded;charset=UTF-8' not supported","path":"/groups/"}]
2023-07-15T04:25:17.3575233 415 : [{"timestamp":"2023-07-15T11:25:17.327+00:00","status":415,"error":"Unsupported Media Type","message":"Content type 'application/x-www-form-urlencoded;charset=UTF-8' not supported","path":"/groups/"}]
2023-07-15T04:34:43.6687637 415 : [{"timestamp":"2023-07-15T11:34:43.612+00:00","status":415,"error":"Unsupported Media Type","message":"Content type 'application/x-www-form-urlencoded;charset=UTF-8' not supported","path":"/groups/"}]
2023-07-15T05:34:42.4547292 401 : [no body]
2023-07-15T05:39:31.569608 401 : [no body]
2023-07-15T05:44:19.1962775 401 : [no body]
2023-07-15T05:45:50.222853 401 : [no body]
2023-07-15T05:52:20.7024385 401 : [no body]
2023-07-15T05:55:07.358531 401 : [no body]
2023-07-15T05:59:31.4899765 401 : [no body]
2023-07-15T06:36:52.4725117 401 : [no body]
2023-07-15T06:37:09.8873237 401 : [no body]
2023-07-15T07:30:17.3781624 415 : [{"timestamp":"2023-07-15T14:30:17.307+00:00","status":415,"error":"Unsupported Media Type","message":"Content type 'application/x-www-form-urlencoded;charset=UTF-8' not supported","path":"/groups/"}]
2023-07-15T07:39:37.5794102 415 : [{"timestamp":"2023-07-15T14:39:37.480+00:00","status":415,"error":"Unsupported Media Type","message":"Content type 'application/x-www-form-urlencoded;charset=UTF-8' not supported","path":"/groups/"}]
2023-07-15T07:47:31.4569972 400 : [{"timestamp":"2023-07-15T14:47:31.372+00:00","status":400,"error":"Bad Request","message":"Required Group parameter 'newGroup' is not present","path":"/groups/"}]
2023-07-15T08:02:43.2991798 400 : [{"timestamp":"2023-07-15T15:02:43.103+00:00","status":400,"error":"Bad Request","message":"Required Group parameter 'newGroup' is not present","path":"/groups/"}]
2023-07-15T08:08:14.4622535 500 : [{"timestamp":"2023-07-15T15:08:14.071+00:00","status":500,"error":"Internal Server Error","message":"PreparedStatementCallback; bad SQL grammar [INSERT INTO groups(user_id, group_name, game_day, start... (518 bytes)]
2023-07-15T08:18:47.5308489 500 : [{"timestamp":"2023-07-15T15:18:47.365+00:00","status":500,"error":"Internal Server Error","message":"PreparedStatementCallback; bad SQL grammar [INSERT INTO groups(user_id, group_name, game_day, start... (521 bytes)]
2023-07-15T08:49:58.3983042 500 : [{"timestamp":"2023-07-15T15:49:55.612+00:00","status":500,"error":"Internal Server Error","message":"PreparedStatementCallback; bad SQL grammar [INSERT INTO groups(user_id, group_name, game_day, start... (521 bytes)]
